12-30 15:44:23 com_github_MitjaNemec_PlaceFootprints.action_place_footprints 394:Plugin executed on: 'linux'
12-30 15:44:23 com_github_MitjaNemec_PlaceFootprints.action_place_footprints 395:Plugin executed with python version: '3.10.8 (main, Nov  1 2022, 14:18:21) [GCC 12.2.0]'
12-30 15:44:23 com_github_MitjaNemec_PlaceFootprints.action_place_footprints 396:KiCad build version: (6.0.9)
12-30 15:44:23 com_github_MitjaNemec_PlaceFootprints.action_place_footprints 397:Plugin version: 1.2.7
12-30 15:44:23 com_github_MitjaNemec_PlaceFootprints.action_place_footprints 398:Frame repr: <wx._core.Frame object at 0x7f72b24d29e0>
12-30 15:44:23 com_github_MitjaNemec_PlaceFootprints.place_footprints 121:getting a list of all footprints on board
12-30 15:44:23 com_github_MitjaNemec_PlaceFootprints.place_footprints 156:Footprint U4 on root level
12-30 15:44:23 com_github_MitjaNemec_PlaceFootprints.place_footprints 156:Footprint U3 on root level
12-30 15:44:23 com_github_MitjaNemec_PlaceFootprints.place_footprints 156:Footprint U2 on root level
12-30 15:44:23 com_github_MitjaNemec_PlaceFootprints.place_footprints 156:Footprint U1 on root level
12-30 15:44:23 com_github_MitjaNemec_PlaceFootprints.place_footprints 156:Footprint R12 on root level
12-30 15:44:23 com_github_MitjaNemec_PlaceFootprints.place_footprints 156:Footprint R11 on root level
12-30 15:44:23 com_github_MitjaNemec_PlaceFootprints.place_footprints 156:Footprint R10 on root level
12-30 15:44:23 com_github_MitjaNemec_PlaceFootprints.place_footprints 156:Footprint R9 on root level
12-30 15:44:23 com_github_MitjaNemec_PlaceFootprints.place_footprints 156:Footprint R8 on root level
12-30 15:44:23 com_github_MitjaNemec_PlaceFootprints.place_footprints 156:Footprint R7 on root level
12-30 15:44:23 com_github_MitjaNemec_PlaceFootprints.place_footprints 156:Footprint R6 on root level
12-30 15:44:23 com_github_MitjaNemec_PlaceFootprints.place_footprints 156:Footprint R5 on root level
12-30 15:44:23 com_github_MitjaNemec_PlaceFootprints.place_footprints 156:Footprint R4 on root level
12-30 15:44:23 com_github_MitjaNemec_PlaceFootprints.place_footprints 156:Footprint R3 on root level
12-30 15:44:23 com_github_MitjaNemec_PlaceFootprints.place_footprints 156:Footprint R2 on root level
12-30 15:44:23 com_github_MitjaNemec_PlaceFootprints.place_footprints 156:Footprint R1 on root level
12-30 15:44:23 com_github_MitjaNemec_PlaceFootprints.place_footprints 156:Footprint Q1 on root level
12-30 15:44:23 com_github_MitjaNemec_PlaceFootprints.place_footprints 156:Footprint C6 on root level
12-30 15:44:23 com_github_MitjaNemec_PlaceFootprints.place_footprints 156:Footprint C5 on root level
12-30 15:44:23 com_github_MitjaNemec_PlaceFootprints.place_footprints 156:Footprint C4 on root level
12-30 15:44:23 com_github_MitjaNemec_PlaceFootprints.place_footprints 156:Footprint C3 on root level
12-30 15:44:23 com_github_MitjaNemec_PlaceFootprints.place_footprints 156:Footprint C2 on root level
12-30 15:44:23 com_github_MitjaNemec_PlaceFootprints.place_footprints 156:Footprint C1 on root level
12-30 15:44:24 com_github_MitjaNemec_PlaceFootprints.action_place_footprints 572:Reference designator is: D
12-30 15:44:24 com_github_MitjaNemec_PlaceFootprints.action_place_footprints 573:Reference number is: 20
12-30 15:44:24 com_github_MitjaNemec_PlaceFootprints.action_place_footprints 605:Sorted and filtered list:
['D1', 'D2', 'D3', 'D4', 'D5', 'D6', 'D7', 'D8', 'D9', 'D10', 'D11', 'D12', 'D13', 'D14', 'D15', 'D16', 'D17', 'D18', 'D19', 'D20', 'D21', 'D22', 'D23', 'D24', 'D25', 'D26', 'D27', 'D28', 'D29', 'D30', 'D31', 'D32']
12-30 15:44:42 com_github_MitjaNemec_PlaceFootprints.action_place_footprints 643:Footprints to place:
['D13', 'D14', 'D15', 'D16', 'D17', 'D18', 'D19', 'D20', 'D21', 'D22', 'D23', 'D24', 'D25', 'D26', 'D27', 'D28', 'D29', 'D30', 'D31', 'D32']
12-30 15:44:42 com_github_MitjaNemec_PlaceFootprints.place_footprints 303:Starting placing with circular layout
12-30 15:44:42 com_github_MitjaNemec_PlaceFootprints.place_footprints 313:reference footprint position at: wxPoint(181768000, 84300000)
12-30 15:44:42 com_github_MitjaNemec_PlaceFootprints.place_footprints 318:rotation center at: (181768000, 126990000.0)
12-30 15:44:42 com_github_MitjaNemec_PlaceFootprints.place_footprints 420:Text of: D20 has property "Keep upright" rotation might not look as intended
12-30 15:44:42 com_github_MitjaNemec_PlaceFootprints.place_footprints 420:Text of: D20 has property "Keep upright" rotation might not look as intended
12-30 15:44:42 com_github_MitjaNemec_PlaceFootprints.place_footprints 420:Text of: D20 has property "Keep upright" rotation might not look as intended
12-30 15:44:42 com_github_MitjaNemec_PlaceFootprints.place_footprints 420:Text of: D20 has property "Keep upright" rotation might not look as intended
12-30 15:44:42 com_github_MitjaNemec_PlaceFootprints.place_footprints 420:Text of: D20 has property "Keep upright" rotation might not look as intended
12-30 15:44:42 com_github_MitjaNemec_PlaceFootprints.place_footprints 420:Text of: D20 has property "Keep upright" rotation might not look as intended
12-30 15:44:42 com_github_MitjaNemec_PlaceFootprints.place_footprints 420:Text of: D20 has property "Keep upright" rotation might not look as intended
12-30 15:44:42 com_github_MitjaNemec_PlaceFootprints.place_footprints 420:Text of: D20 has property "Keep upright" rotation might not look as intended
12-30 15:44:42 com_github_MitjaNemec_PlaceFootprints.place_footprints 420:Text of: D20 has property "Keep upright" rotation might not look as intended
12-30 15:44:42 com_github_MitjaNemec_PlaceFootprints.place_footprints 420:Text of: D20 has property "Keep upright" rotation might not look as intended
12-30 15:44:42 com_github_MitjaNemec_PlaceFootprints.place_footprints 420:Text of: D20 has property "Keep upright" rotation might not look as intended
12-30 15:44:42 com_github_MitjaNemec_PlaceFootprints.place_footprints 420:Text of: D20 has property "Keep upright" rotation might not look as intended
12-30 15:44:42 com_github_MitjaNemec_PlaceFootprints.place_footprints 420:Text of: D20 has property "Keep upright" rotation might not look as intended
12-30 15:44:42 com_github_MitjaNemec_PlaceFootprints.place_footprints 420:Text of: D20 has property "Keep upright" rotation might not look as intended
12-30 15:44:42 com_github_MitjaNemec_PlaceFootprints.place_footprints 420:Text of: D20 has property "Keep upright" rotation might not look as intended
12-30 15:44:42 com_github_MitjaNemec_PlaceFootprints.place_footprints 420:Text of: D20 has property "Keep upright" rotation might not look as intended
12-30 15:44:42 com_github_MitjaNemec_PlaceFootprints.place_footprints 420:Text of: D20 has property "Keep upright" rotation might not look as intended
12-30 15:44:42 com_github_MitjaNemec_PlaceFootprints.place_footprints 420:Text of: D20 has property "Keep upright" rotation might not look as intended
12-30 15:44:42 com_github_MitjaNemec_PlaceFootprints.place_footprints 420:Text of: D20 has property "Keep upright" rotation might not look as intended
12-30 15:44:42 com_github_MitjaNemec_PlaceFootprints.place_footprints 420:Text of: D20 has property "Keep upright" rotation might not look as intended
12-30 15:44:42 com_github_MitjaNemec_PlaceFootprints.place_footprints 420:Text of: D20 has property "Keep upright" rotation might not look as intended
12-30 15:44:42 com_github_MitjaNemec_PlaceFootprints.place_footprints 420:Text of: D20 has property "Keep upright" rotation might not look as intended
12-30 15:44:42 com_github_MitjaNemec_PlaceFootprints.place_footprints 420:Text of: D20 has property "Keep upright" rotation might not look as intended
12-30 15:44:42 com_github_MitjaNemec_PlaceFootprints.place_footprints 420:Text of: D20 has property "Keep upright" rotation might not look as intended
12-30 15:44:42 com_github_MitjaNemec_PlaceFootprints.place_footprints 420:Text of: D20 has property "Keep upright" rotation might not look as intended
12-30 15:44:42 com_github_MitjaNemec_PlaceFootprints.place_footprints 420:Text of: D20 has property "Keep upright" rotation might not look as intended
12-30 15:44:42 com_github_MitjaNemec_PlaceFootprints.place_footprints 420:Text of: D20 has property "Keep upright" rotation might not look as intended
12-30 15:44:42 com_github_MitjaNemec_PlaceFootprints.place_footprints 420:Text of: D20 has property "Keep upright" rotation might not look as intended
12-30 15:44:42 com_github_MitjaNemec_PlaceFootprints.place_footprints 420:Text of: D20 has property "Keep upright" rotation might not look as intended
12-30 15:44:42 com_github_MitjaNemec_PlaceFootprints.place_footprints 420:Text of: D20 has property "Keep upright" rotation might not look as intended
12-30 15:44:42 com_github_MitjaNemec_PlaceFootprints.place_footprints 420:Text of: D20 has property "Keep upright" rotation might not look as intended
12-30 15:44:42 com_github_MitjaNemec_PlaceFootprints.place_footprints 420:Text of: D20 has property "Keep upright" rotation might not look as intended
12-30 15:44:42 com_github_MitjaNemec_PlaceFootprints.place_footprints 420:Text of: D20 has property "Keep upright" rotation might not look as intended
12-30 15:44:42 com_github_MitjaNemec_PlaceFootprints.place_footprints 420:Text of: D20 has property "Keep upright" rotation might not look as intended
12-30 15:44:42 com_github_MitjaNemec_PlaceFootprints.place_footprints 420:Text of: D20 has property "Keep upright" rotation might not look as intended
12-30 15:44:42 com_github_MitjaNemec_PlaceFootprints.place_footprints 420:Text of: D20 has property "Keep upright" rotation might not look as intended
12-30 15:44:42 com_github_MitjaNemec_PlaceFootprints.place_footprints 420:Text of: D20 has property "Keep upright" rotation might not look as intended
12-30 15:44:42 com_github_MitjaNemec_PlaceFootprints.place_footprints 420:Text of: D20 has property "Keep upright" rotation might not look as intended
12-30 15:44:42 com_github_MitjaNemec_PlaceFootprints.place_footprints 420:Text of: D20 has property "Keep upright" rotation might not look as intended
12-30 15:44:42 com_github_MitjaNemec_PlaceFootprints.place_footprints 420:Text of: D20 has property "Keep upright" rotation might not look as intended
12-30 15:44:42 com_github_MitjaNemec_PlaceFootprints.place_footprints 420:Text of: D20 has property "Keep upright" rotation might not look as intended
12-30 15:44:42 com_github_MitjaNemec_PlaceFootprints.place_footprints 420:Text of: D20 has property "Keep upright" rotation might not look as intended
12-30 15:44:42 com_github_MitjaNemec_PlaceFootprints.place_footprints 420:Text of: D20 has property "Keep upright" rotation might not look as intended
12-30 15:44:42 com_github_MitjaNemec_PlaceFootprints.place_footprints 420:Text of: D20 has property "Keep upright" rotation might not look as intended
12-30 15:44:42 com_github_MitjaNemec_PlaceFootprints.place_footprints 420:Text of: D20 has property "Keep upright" rotation might not look as intended
12-30 15:44:42 com_github_MitjaNemec_PlaceFootprints.place_footprints 420:Text of: D20 has property "Keep upright" rotation might not look as intended
12-30 15:44:42 com_github_MitjaNemec_PlaceFootprints.place_footprints 420:Text of: D20 has property "Keep upright" rotation might not look as intended
12-30 15:44:42 com_github_MitjaNemec_PlaceFootprints.place_footprints 420:Text of: D20 has property "Keep upright" rotation might not look as intended
12-30 15:44:42 com_github_MitjaNemec_PlaceFootprints.place_footprints 420:Text of: D20 has property "Keep upright" rotation might not look as intended
12-30 15:44:42 com_github_MitjaNemec_PlaceFootprints.place_footprints 420:Text of: D20 has property "Keep upright" rotation might not look as intended
12-30 15:44:42 com_github_MitjaNemec_PlaceFootprints.place_footprints 420:Text of: D20 has property "Keep upright" rotation might not look as intended
12-30 15:44:42 com_github_MitjaNemec_PlaceFootprints.place_footprints 420:Text of: D20 has property "Keep upright" rotation might not look as intended
12-30 15:44:42 com_github_MitjaNemec_PlaceFootprints.place_footprints 420:Text of: D20 has property "Keep upright" rotation might not look as intended
12-30 15:44:42 com_github_MitjaNemec_PlaceFootprints.place_footprints 420:Text of: D20 has property "Keep upright" rotation might not look as intended
12-30 15:44:42 com_github_MitjaNemec_PlaceFootprints.place_footprints 420:Text of: D20 has property "Keep upright" rotation might not look as intended
12-30 15:44:42 com_github_MitjaNemec_PlaceFootprints.place_footprints 420:Text of: D20 has property "Keep upright" rotation might not look as intended
12-30 15:44:42 com_github_MitjaNemec_PlaceFootprints.place_footprints 420:Text of: D20 has property "Keep upright" rotation might not look as intended
12-30 15:44:42 com_github_MitjaNemec_PlaceFootprints.action_place_footprints 656:Placing complete
